0 info it worked if it ends with ok
1 verbose cli [ 'E:\\nodejs\\node.exe',
1 verbose cli   'C:\\Users\\sh2680\\AppData\\Roaming\\npm\\node_modules\\npm\\bin\\npm-cli.js',
1 verbose cli   'start' ]
2 info using npm@3.10.10
3 info using node@v10.15.1
4 verbose run-script [ 'prestart', 'start', 'poststart' ]
5 info lifecycle koa@1.0.0~prestart: koa@1.0.0
6 silly lifecycle koa@1.0.0~prestart: no script for prestart, continuing
7 info lifecycle koa@1.0.0~start: koa@1.0.0
8 verbose lifecycle koa@1.0.0~start: unsafe-perm in lifecycle true
9 verbose lifecycle koa@1.0.0~start: PATH: C:\Users\sh2680\AppData\Roaming\npm\node_modules\npm\bin\node-gyp-bin;c:\Users\sh2680\Desktop\personal-development\node-project\koa\node_modules\.bin;C:\Windows\system32;C:\Windows;C:\Windows\System32\Wbem;C:\Windows\System32\WindowsPowerShell\v1.0\;C:\Windows\System32\OpenSSH\;E:\nodejs\;E:\Git\cmd;C:\Users\sh2680\AppData\Local\Microsoft\WindowsApps;C:\Users\sh2680\AppData\Roaming\npm;C:\Users\sh2680\AppData\Local\Programs\Microsoft VS Code\bin;E:\Microsoft VS Code\bin;
10 verbose lifecycle koa@1.0.0~start: CWD: c:\Users\sh2680\Desktop\personal-development\node-project\koa
11 silly lifecycle koa@1.0.0~start: Args: [ '/d /s /c', 'node index.js' ]
12 silly lifecycle koa@1.0.0~start: Returned: code: 3221225786  signal: null
13 info lifecycle koa@1.0.0~start: Failed to exec start script
14 verbose stack Error: koa@1.0.0 start: `node index.js`
14 verbose stack Exit status 3221225786
14 verbose stack     at EventEmitter.<anonymous> (C:\Users\sh2680\AppData\Roaming\npm\node_modules\npm\lib\utils\lifecycle.js:255:16)
14 verbose stack     at EventEmitter.emit (events.js:189:13)
14 verbose stack     at ChildProcess.<anonymous> (C:\Users\sh2680\AppData\Roaming\npm\node_modules\npm\lib\utils\spawn.js:40:14)
14 verbose stack     at ChildProcess.emit (events.js:189:13)
14 verbose stack     at maybeClose (internal/child_process.js:970:16)
14 verbose stack     at Process.ChildProcess._handle.onexit (internal/child_process.js:259:5)
15 verbose pkgid koa@1.0.0
16 verbose cwd c:\Users\sh2680\Desktop\personal-development\node-project\koa
17 error Windows_NT 10.0.17763
18 error argv "E:\\nodejs\\node.exe" "C:\\Users\\sh2680\\AppData\\Roaming\\npm\\node_modules\\npm\\bin\\npm-cli.js" "start"
19 error node v10.15.1
20 error npm  v3.10.10
21 error code ELIFECYCLE
22 error koa@1.0.0 start: `node index.js`
22 error Exit status 3221225786
23 error Failed at the koa@1.0.0 start script 'node index.js'.
23 error Make sure you have the latest version of node.js and npm installed.
23 error If you do, this is most likely a problem with the koa package,
23 error not with npm itself.
23 error Tell the author that this fails on your system:
23 error     node index.js
23 error You can get information on how to open an issue for this project with:
23 error     npm bugs koa
23 error Or if that isn't available, you can get their info via:
23 error     npm owner ls koa
23 error There is likely additional logging output above.
24 verbose exit [ 1, true ]
